{"C:\\Users\\Manu\\Desktop\\jest-practice\\src\\App.tsx": {"path":"C:\\Users\\Manu\\Desktop\\jest-practice\\src\\App.tsx","statementMap":{"0":{"start":{"line":8,"column":2},"end":{"line":12,"column":4}}},"fnMap":{"0":{"name":"App","decl":{"start":{"line":7,"column":24},"end":{"line":7,"column":27}},"loc":{"start":{"line":7,"column":30},"end":{"line":13,"column":1}},"line":7}},"branchMap":{},"s":{"0":0},"f":{"0":0},"b":{}}
,"C:\\Users\\Manu\\Desktop\\jest-practice\\src\\main.tsx": {"path":"C:\\Users\\Manu\\Desktop\\jest-practice\\src\\main.tsx","statementMap":{"0":{"start":{"line":6,"column":13},"end":{"line":8,"column":1}},"1":{"start":{"line":10,"column":0},"end":{"line":14,"column":2}}},"fnMap":{},"branchMap":{},"s":{"0":0,"1":0},"f":{},"b":{}}
,"C:\\Users\\Manu\\Desktop\\jest-practice\\src\\router.tsx": {"path":"C:\\Users\\Manu\\Desktop\\jest-practice\\src\\router.tsx","statementMap":{"0":{"start":{"line":4,"column":15},"end":{"line":23,"column":2}}},"fnMap":{},"branchMap":{},"s":{"0":0},"f":{},"b":{}}
,"C:\\Users\\Manu\\Desktop\\jest-practice\\src\\components\\index.ts": {"path":"C:\\Users\\Manu\\Desktop\\jest-practice\\src\\components\\index.ts","statementMap":{},"fnMap":{},"branchMap":{},"s":{},"f":{},"b":{}}
,"C:\\Users\\Manu\\Desktop\\jest-practice\\src\\components\\Header\\Header.tsx": {"path":"C:\\Users\\Manu\\Desktop\\jest-practice\\src\\components\\Header\\Header.tsx","statementMap":{"0":{"start":{"line":5,"column":15},"end":{"line":21,"column":1}},"1":{"start":{"line":6,"column":2},"end":{"line":20,"column":4}}},"fnMap":{"0":{"name":"(anonymous_0)","decl":{"start":{"line":5,"column":15},"end":{"line":5,"column":16}},"loc":{"start":{"line":5,"column":34},"end":{"line":21,"column":1}},"line":5}},"branchMap":{},"s":{"0":0,"1":0},"f":{"0":0},"b":{}}
,"C:\\Users\\Manu\\Desktop\\jest-practice\\src\\components\\Header\\index.ts": {"path":"C:\\Users\\Manu\\Desktop\\jest-practice\\src\\components\\Header\\index.ts","statementMap":{},"fnMap":{},"branchMap":{},"s":{},"f":{},"b":{}}
,"C:\\Users\\Manu\\Desktop\\jest-practice\\src\\components\\Header\\components\\CartLink\\CartLink.tsx": {"path":"C:\\Users\\Manu\\Desktop\\jest-practice\\src\\components\\Header\\components\\CartLink\\CartLink.tsx","statementMap":{"0":{"start":{"line":6,"column":17},"end":{"line":16,"column":1}},"1":{"start":{"line":7,"column":19},"end":{"line":7,"column":54}},"2":{"start":{"line":9,"column":2},"end":{"line":15,"column":4}}},"fnMap":{"0":{"name":"(anonymous_0)","decl":{"start":{"line":6,"column":17},"end":{"line":6,"column":18}},"loc":{"start":{"line":6,"column":36},"end":{"line":16,"column":1}},"line":6}},"branchMap":{"0":{"loc":{"start":{"line":12,"column":23},"end":{"line":12,"column":57}},"type":"cond-expr","locations":[{"start":{"line":12,"column":40},"end":{"line":12,"column":48}},{"start":{"line":12,"column":51},"end":{"line":12,"column":57}}],"line":12}},"s":{"0":0,"1":0,"2":0},"f":{"0":0},"b":{"0":[0,0]}}
,"C:\\Users\\Manu\\Desktop\\jest-practice\\src\\pages\\index.ts": {"path":"C:\\Users\\Manu\\Desktop\\jest-practice\\src\\pages\\index.ts","statementMap":{},"fnMap":{},"branchMap":{},"s":{},"f":{},"b":{}}
,"C:\\Users\\Manu\\Desktop\\jest-practice\\src\\pages\\Cart\\Cart.tsx": {"path":"C:\\Users\\Manu\\Desktop\\jest-practice\\src\\pages\\Cart\\Cart.tsx","statementMap":{"0":{"start":{"line":12,"column":13},"end":{"line":96,"column":1}},"1":{"start":{"line":13,"column":19},"end":{"line":13,"column":35}},"2":{"start":{"line":14,"column":19},"end":{"line":14,"column":67}},"3":{"start":{"line":14,"column":43},"end":{"line":14,"column":66}},"4":{"start":{"line":15,"column":16},"end":{"line":15,"column":57}},"5":{"start":{"line":15,"column":40},"end":{"line":15,"column":56}},"6":{"start":{"line":16,"column":21},"end":{"line":16,"column":50}},"7":{"start":{"line":17,"column":24},"end":{"line":17,"column":73}},"8":{"start":{"line":17,"column":48},"end":{"line":17,"column":72}},"9":{"start":{"line":18,"column":23},"end":{"line":18,"column":71}},"10":{"start":{"line":18,"column":47},"end":{"line":18,"column":70}},"11":{"start":{"line":20,"column":26},"end":{"line":26,"column":3}},"12":{"start":{"line":24,"column":16},"end":{"line":24,"column":45}},"13":{"start":{"line":25,"column":4},"end":{"line":25,"column":42}},"14":{"start":{"line":28,"column":23},"end":{"line":31,"column":3}},"15":{"start":{"line":29,"column":4},"end":{"line":29,"column":25}},"16":{"start":{"line":30,"column":4},"end":{"line":30,"column":34}},"17":{"start":{"line":33,"column":23},"end":{"line":37,"column":4}},"18":{"start":{"line":39,"column":2},"end":{"line":95,"column":4}},"19":{"start":{"line":53,"column":12},"end":{"line":74,"column":17}},"20":{"start":{"line":62,"column":20},"end":{"line":62,"column":45}},"21":{"start":{"line":69,"column":33},"end":{"line":69,"column":61}}},"fnMap":{"0":{"name":"(anonymous_0)","decl":{"start":{"line":12,"column":13},"end":{"line":12,"column":14}},"loc":{"start":{"line":12,"column":32},"end":{"line":96,"column":1}},"line":12},"1":{"name":"(anonymous_1)","decl":{"start":{"line":14,"column":34},"end":{"line":14,"column":35}},"loc":{"start":{"line":14,"column":43},"end":{"line":14,"column":66}},"line":14},"2":{"name":"(anonymous_2)","decl":{"start":{"line":15,"column":31},"end":{"line":15,"column":32}},"loc":{"start":{"line":15,"column":40},"end":{"line":15,"column":56}},"line":15},"3":{"name":"(anonymous_3)","decl":{"start":{"line":17,"column":39},"end":{"line":17,"column":40}},"loc":{"start":{"line":17,"column":48},"end":{"line":17,"column":72}},"line":17},"4":{"name":"(anonymous_4)","decl":{"start":{"line":18,"column":38},"end":{"line":18,"column":39}},"loc":{"start":{"line":18,"column":47},"end":{"line":18,"column":70}},"line":18},"5":{"name":"(anonymous_5)","decl":{"start":{"line":20,"column":26},"end":{"line":20,"column":27}},"loc":{"start":{"line":23,"column":13},"end":{"line":26,"column":3}},"line":23},"6":{"name":"(anonymous_6)","decl":{"start":{"line":28,"column":23},"end":{"line":28,"column":24}},"loc":{"start":{"line":28,"column":66},"end":{"line":31,"column":3}},"line":28},"7":{"name":"(anonymous_7)","decl":{"start":{"line":52,"column":37},"end":{"line":52,"column":38}},"loc":{"start":{"line":53,"column":12},"end":{"line":74,"column":17}},"line":53},"8":{"name":"(anonymous_8)","decl":{"start":{"line":61,"column":28},"end":{"line":61,"column":29}},"loc":{"start":{"line":61,"column":35},"end":{"line":63,"column":19}},"line":61},"9":{"name":"(anonymous_9)","decl":{"start":{"line":69,"column":27},"end":{"line":69,"column":28}},"loc":{"start":{"line":69,"column":33},"end":{"line":69,"column":61}},"line":69}},"branchMap":{"0":{"loc":{"start":{"line":24,"column":16},"end":{"line":24,"column":45}},"type":"binary-expr","locations":[{"start":{"line":24,"column":16},"end":{"line":24,"column":40}},{"start":{"line":24,"column":44},"end":{"line":24,"column":45}}],"line":24},"1":{"loc":{"start":{"line":87,"column":9},"end":{"line":89,"column":16}},"type":"cond-expr","locations":[{"start":{"line":88,"column":10},"end":{"line":88,"column":59}},{"start":{"line":89,"column":12},"end":{"line":89,"column":16}}],"line":87},"2":{"loc":{"start":{"line":87,"column":9},"end":{"line":87,"column":57}},"type":"binary-expr","locations":[{"start":{"line":87,"column":9},"end":{"line":87,"column":34}},{"start":{"line":87,"column":38},"end":{"line":87,"column":57}}],"line":87}},"s":{"0":0,"1":0,"2":0,"3":0,"4":0,"5":0,"6":0,"7":0,"8":0,"9":0,"10":0,"11":0,"12":0,"13":0,"14":0,"15":0,"16":0,"17":0,"18":0,"19":0,"20":0,"21":0},"f":{"0":0,"1":0,"2":0,"3":0,"4":0,"5":0,"6":0,"7":0,"8":0,"9":0},"b":{"0":[0,0],"1":[0,0],"2":[0,0]}}
,"C:\\Users\\Manu\\Desktop\\jest-practice\\src\\pages\\Cart\\index.ts": {"path":"C:\\Users\\Manu\\Desktop\\jest-practice\\src\\pages\\Cart\\index.ts","statementMap":{},"fnMap":{},"branchMap":{},"s":{},"f":{},"b":{}}
,"C:\\Users\\Manu\\Desktop\\jest-practice\\src\\pages\\Home\\Home.tsx": {"path":"C:\\Users\\Manu\\Desktop\\jest-practice\\src\\pages\\Home\\Home.tsx","statementMap":{"0":{"start":{"line":1,"column":13},"end":{"line":11,"column":1}},"1":{"start":{"line":2,"column":2},"end":{"line":10,"column":4}}},"fnMap":{"0":{"name":"(anonymous_0)","decl":{"start":{"line":1,"column":13},"end":{"line":1,"column":14}},"loc":{"start":{"line":1,"column":32},"end":{"line":11,"column":1}},"line":1}},"branchMap":{},"s":{"0":0,"1":0},"f":{"0":0},"b":{}}
,"C:\\Users\\Manu\\Desktop\\jest-practice\\src\\pages\\Home\\index.ts": {"path":"C:\\Users\\Manu\\Desktop\\jest-practice\\src\\pages\\Home\\index.ts","statementMap":{},"fnMap":{},"branchMap":{},"s":{},"f":{},"b":{}}
,"C:\\Users\\Manu\\Desktop\\jest-practice\\src\\pages\\Products\\Products.tsx": {"path":"C:\\Users\\Manu\\Desktop\\jest-practice\\src\\pages\\Products\\Products.tsx","statementMap":{"0":{"start":{"line":8,"column":17},"end":{"line":45,"column":1}},"1":{"start":{"line":9,"column":19},"end":{"line":9,"column":35}},"2":{"start":{"line":11,"column":2},"end":{"line":15,"column":9}},"3":{"start":{"line":12,"column":4},"end":{"line":14,"column":7}},"4":{"start":{"line":13,"column":6},"end":{"line":13,"column":38}},"5":{"start":{"line":17,"column":19},"end":{"line":17,"column":67}},"6":{"start":{"line":17,"column":43},"end":{"line":17,"column":66}},"7":{"start":{"line":19,"column":2},"end":{"line":44,"column":4}},"8":{"start":{"line":23,"column":10},"end":{"line":40,"column":15}},"9":{"start":{"line":35,"column":39},"end":{"line":35,"column":70}}},"fnMap":{"0":{"name":"(anonymous_0)","decl":{"start":{"line":8,"column":17},"end":{"line":8,"column":18}},"loc":{"start":{"line":8,"column":36},"end":{"line":45,"column":1}},"line":8},"1":{"name":"(anonymous_1)","decl":{"start":{"line":11,"column":12},"end":{"line":11,"column":13}},"loc":{"start":{"line":11,"column":18},"end":{"line":15,"column":3}},"line":11},"2":{"name":"(anonymous_2)","decl":{"start":{"line":12,"column":28},"end":{"line":12,"column":29}},"loc":{"start":{"line":12,"column":40},"end":{"line":14,"column":5}},"line":12},"3":{"name":"(anonymous_3)","decl":{"start":{"line":17,"column":34},"end":{"line":17,"column":35}},"loc":{"start":{"line":17,"column":43},"end":{"line":17,"column":66}},"line":17},"4":{"name":"(anonymous_4)","decl":{"start":{"line":22,"column":37},"end":{"line":22,"column":38}},"loc":{"start":{"line":23,"column":10},"end":{"line":40,"column":15}},"line":23},"5":{"name":"(anonymous_5)","decl":{"start":{"line":35,"column":33},"end":{"line":35,"column":34}},"loc":{"start":{"line":35,"column":39},"end":{"line":35,"column":70}},"line":35}},"branchMap":{},"s":{"0":0,"1":0,"2":0,"3":0,"4":0,"5":0,"6":0,"7":0,"8":0,"9":0},"f":{"0":0,"1":0,"2":0,"3":0,"4":0,"5":0},"b":{}}
,"C:\\Users\\Manu\\Desktop\\jest-practice\\src\\pages\\Products\\index.ts": {"path":"C:\\Users\\Manu\\Desktop\\jest-practice\\src\\pages\\Products\\index.ts","statementMap":{},"fnMap":{},"branchMap":{},"s":{},"f":{},"b":{}}
,"C:\\Users\\Manu\\Desktop\\jest-practice\\src\\pages\\Root\\Root.tsx": {"path":"C:\\Users\\Manu\\Desktop\\jest-practice\\src\\pages\\Root\\Root.tsx","statementMap":{"0":{"start":{"line":4,"column":13},"end":{"line":11,"column":1}},"1":{"start":{"line":5,"column":2},"end":{"line":10,"column":4}}},"fnMap":{"0":{"name":"(anonymous_0)","decl":{"start":{"line":4,"column":13},"end":{"line":4,"column":14}},"loc":{"start":{"line":4,"column":32},"end":{"line":11,"column":1}},"line":4}},"branchMap":{},"s":{"0":0,"1":0},"f":{"0":0},"b":{}}
,"C:\\Users\\Manu\\Desktop\\jest-practice\\src\\pages\\Root\\index.ts": {"path":"C:\\Users\\Manu\\Desktop\\jest-practice\\src\\pages\\Root\\index.ts","statementMap":{},"fnMap":{},"branchMap":{},"s":{},"f":{},"b":{}}
,"C:\\Users\\Manu\\Desktop\\jest-practice\\src\\redux\\hooks.ts": {"path":"C:\\Users\\Manu\\Desktop\\jest-practice\\src\\redux\\hooks.ts","statementMap":{"0":{"start":{"line":6,"column":49},"end":{"line":6,"column":60}},"1":{"start":{"line":7,"column":63},"end":{"line":7,"column":74}}},"fnMap":{},"branchMap":{},"s":{"0":0,"1":0},"f":{},"b":{}}
,"C:\\Users\\Manu\\Desktop\\jest-practice\\src\\redux\\store.ts": {"path":"C:\\Users\\Manu\\Desktop\\jest-practice\\src\\redux\\store.ts","statementMap":{"0":{"start":{"line":5,"column":21},"end":{"line":10,"column":2}}},"fnMap":{},"branchMap":{},"s":{"0":0},"f":{},"b":{}}
,"C:\\Users\\Manu\\Desktop\\jest-practice\\src\\redux\\states\\cartSlice.ts": {"path":"C:\\Users\\Manu\\Desktop\\jest-practice\\src\\redux\\states\\cartSlice.ts","statementMap":{"0":{"start":{"line":18,"column":32},"end":{"line":22,"column":1}},"1":{"start":{"line":24,"column":28},"end":{"line":32,"column":1}},"2":{"start":{"line":27,"column":18},"end":{"line":27,"column":50}},"3":{"start":{"line":28,"column":18},"end":{"line":28,"column":34}},"4":{"start":{"line":29,"column":21},"end":{"line":29,"column":42}},"5":{"start":{"line":30,"column":4},"end":{"line":30,"column":20}},"6":{"start":{"line":34,"column":18},"end":{"line":78,"column":2}},"7":{"start":{"line":39,"column":17},"end":{"line":39,"column":31}},"8":{"start":{"line":41,"column":6},"end":{"line":45,"column":7}},"9":{"start":{"line":42,"column":8},"end":{"line":42,"column":26}},"10":{"start":{"line":44,"column":8},"end":{"line":44,"column":28}},"11":{"start":{"line":48,"column":17},"end":{"line":48,"column":31}},"12":{"start":{"line":50,"column":6},"end":{"line":50,"column":29}},"13":{"start":{"line":53,"column":26},"end":{"line":53,"column":40}},"14":{"start":{"line":54,"column":6},"end":{"line":54,"column":28}},"15":{"start":{"line":58,"column":4},"end":{"line":60,"column":7}},"16":{"start":{"line":59,"column":6},"end":{"line":59,"column":38}},"17":{"start":{"line":61,"column":4},"end":{"line":72,"column":6}},"18":{"start":{"line":64,"column":28},"end":{"line":64,"column":42}},"19":{"start":{"line":65,"column":8},"end":{"line":70,"column":9}},"20":{"start":{"line":66,"column":10},"end":{"line":66,"column":40}},"21":{"start":{"line":67,"column":10},"end":{"line":67,"column":27}},"22":{"start":{"line":69,"column":10},"end":{"line":69,"column":40}},"23":{"start":{"line":73,"column":4},"end":{"line":76,"column":7}},"24":{"start":{"line":74,"column":6},"end":{"line":74,"column":36}},"25":{"start":{"line":75,"column":6},"end":{"line":75,"column":54}},"26":{"start":{"line":80,"column":35},"end":{"line":91,"column":1}},"27":{"start":{"line":81,"column":24},"end":{"line":81,"column":40}},"28":{"start":{"line":83,"column":19},"end":{"line":83,"column":20}},"29":{"start":{"line":85,"column":4},"end":{"line":87,"column":5}},"30":{"start":{"line":86,"column":6},"end":{"line":86,"column":28}},"31":{"start":{"line":89,"column":4},"end":{"line":89,"column":20}},"32":{"start":{"line":93,"column":29},"end":{"line":105,"column":1}},"33":{"start":{"line":94,"column":24},"end":{"line":94,"column":40}},"34":{"start":{"line":95,"column":24},"end":{"line":95,"column":47}},"35":{"start":{"line":97,"column":16},"end":{"line":97,"column":17}},"36":{"start":{"line":99,"column":4},"end":{"line":101,"column":5}},"37":{"start":{"line":100,"column":6},"end":{"line":100,"column":46}},"38":{"start":{"line":103,"column":4},"end":{"line":103,"column":28}},"39":{"start":{"line":107,"column":61},"end":{"line":107,"column":78}}},"fnMap":{"0":{"name":"(anonymous_0)","decl":{"start":{"line":26,"column":2},"end":{"line":26,"column":3}},"loc":{"start":{"line":26,"column":25},"end":{"line":31,"column":3}},"line":26},"1":{"name":"(anonymous_1)","decl":{"start":{"line":38,"column":4},"end":{"line":38,"column":5}},"loc":{"start":{"line":38,"column":52},"end":{"line":46,"column":5}},"line":38},"2":{"name":"(anonymous_2)","decl":{"start":{"line":47,"column":4},"end":{"line":47,"column":5}},"loc":{"start":{"line":47,"column":57},"end":{"line":51,"column":5}},"line":47},"3":{"name":"(anonymous_3)","decl":{"start":{"line":52,"column":4},"end":{"line":52,"column":5}},"loc":{"start":{"line":52,"column":78},"end":{"line":55,"column":5}},"line":52},"4":{"name":"(anonymous_4)","decl":{"start":{"line":57,"column":17},"end":{"line":57,"column":18}},"loc":{"start":{"line":57,"column":36},"end":{"line":77,"column":3}},"line":57},"5":{"name":"(anonymous_5)","decl":{"start":{"line":58,"column":42},"end":{"line":58,"column":43}},"loc":{"start":{"line":58,"column":56},"end":{"line":60,"column":5}},"line":58},"6":{"name":"(anonymous_6)","decl":{"start":{"line":63,"column":6},"end":{"line":63,"column":7}},"loc":{"start":{"line":63,"column":62},"end":{"line":71,"column":7}},"line":63},"7":{"name":"(anonymous_7)","decl":{"start":{"line":73,"column":43},"end":{"line":73,"column":44}},"loc":{"start":{"line":73,"column":62},"end":{"line":76,"column":5}},"line":73},"8":{"name":"(anonymous_8)","decl":{"start":{"line":81,"column":2},"end":{"line":81,"column":3}},"loc":{"start":{"line":81,"column":24},"end":{"line":81,"column":40}},"line":81},"9":{"name":"(anonymous_9)","decl":{"start":{"line":82,"column":2},"end":{"line":82,"column":3}},"loc":{"start":{"line":82,"column":11},"end":{"line":90,"column":3}},"line":82},"10":{"name":"(anonymous_10)","decl":{"start":{"line":94,"column":2},"end":{"line":94,"column":3}},"loc":{"start":{"line":94,"column":24},"end":{"line":94,"column":40}},"line":94},"11":{"name":"(anonymous_11)","decl":{"start":{"line":95,"column":2},"end":{"line":95,"column":3}},"loc":{"start":{"line":95,"column":24},"end":{"line":95,"column":47}},"line":95},"12":{"name":"(anonymous_12)","decl":{"start":{"line":96,"column":2},"end":{"line":96,"column":3}},"loc":{"start":{"line":96,"column":23},"end":{"line":104,"column":3}},"line":96}},"branchMap":{"0":{"loc":{"start":{"line":41,"column":6},"end":{"line":45,"column":7}},"type":"if","locations":[{"start":{"line":41,"column":6},"end":{"line":45,"column":7}},{"start":{"line":43,"column":13},"end":{"line":45,"column":7}}],"line":41},"1":{"loc":{"start":{"line":65,"column":8},"end":{"line":70,"column":9}},"type":"if","locations":[{"start":{"line":65,"column":8},"end":{"line":70,"column":9}},{"start":{"line":68,"column":15},"end":{"line":70,"column":9}}],"line":65},"2":{"loc":{"start":{"line":75,"column":27},"end":{"line":75,"column":53}},"type":"binary-expr","locations":[{"start":{"line":75,"column":27},"end":{"line":75,"column":47}},{"start":{"line":75,"column":51},"end":{"line":75,"column":53}}],"line":75}},"s":{"0":0,"1":0,"2":0,"3":0,"4":0,"5":0,"6":0,"7":0,"8":0,"9":0,"10":0,"11":0,"12":0,"13":0,"14":0,"15":0,"16":0,"17":0,"18":0,"19":0,"20":0,"21":0,"22":0,"23":0,"24":0,"25":0,"26":0,"27":0,"28":0,"29":0,"30":0,"31":0,"32":0,"33":0,"34":0,"35":0,"36":0,"37":0,"38":0,"39":0},"f":{"0":0,"1":0,"2":0,"3":0,"4":0,"5":0,"6":0,"7":0,"8":0,"9":0,"10":0,"11":0,"12":0},"b":{"0":[0,0],"1":[0,0],"2":[0,0]}}
,"C:\\Users\\Manu\\Desktop\\jest-practice\\src\\redux\\states\\productsSlice.ts": {"path":"C:\\Users\\Manu\\Desktop\\jest-practice\\src\\redux\\states\\productsSlice.ts","statementMap":{"0":{"start":{"line":8,"column":36},"end":{"line":10,"column":1}},"1":{"start":{"line":12,"column":22},"end":{"line":29,"column":2}},"2":{"start":{"line":17,"column":31},"end":{"line":17,"column":33}},"3":{"start":{"line":19,"column":6},"end":{"line":24,"column":9}},"4":{"start":{"line":20,"column":8},"end":{"line":23,"column":11}},"5":{"start":{"line":26,"column":6},"end":{"line":26,"column":44}},"6":{"start":{"line":31,"column":31},"end":{"line":31,"column":52}}},"fnMap":{"0":{"name":"(anonymous_0)","decl":{"start":{"line":16,"column":4},"end":{"line":16,"column":5}},"loc":{"start":{"line":16,"column":53},"end":{"line":27,"column":5}},"line":16},"1":{"name":"(anonymous_1)","decl":{"start":{"line":19,"column":29},"end":{"line":19,"column":30}},"loc":{"start":{"line":19,"column":40},"end":{"line":24,"column":7}},"line":19}},"branchMap":{},"s":{"0":0,"1":0,"2":0,"3":0,"4":0,"5":0,"6":0},"f":{"0":0,"1":0},"b":{}}
,"C:\\Users\\Manu\\Desktop\\jest-practice\\src\\services\\checkout.ts": {"path":"C:\\Users\\Manu\\Desktop\\jest-practice\\src\\services\\checkout.ts","statementMap":{"0":{"start":{"line":8,"column":14},"end":{"line":11,"column":1}},"1":{"start":{"line":10,"column":2},"end":{"line":10,"column":50}},"2":{"start":{"line":10,"column":27},"end":{"line":10,"column":48}},"3":{"start":{"line":14,"column":19},"end":{"line":14,"column":70}},"4":{"start":{"line":15,"column":14},"end":{"line":15,"column":42}},"5":{"start":{"line":16,"column":2},"end":{"line":16,"column":19}},"6":{"start":{"line":17,"column":19},"end":{"line":20,"column":4}},"7":{"start":{"line":21,"column":15},"end":{"line":21,"column":36}},"8":{"start":{"line":23,"column":2},"end":{"line":25,"column":3}},"9":{"start":{"line":24,"column":4},"end":{"line":24,"column":32}},"10":{"start":{"line":26,"column":2},"end":{"line":26,"column":34}}},"fnMap":{"0":{"name":"(anonymous_0)","decl":{"start":{"line":8,"column":14},"end":{"line":8,"column":15}},"loc":{"start":{"line":8,"column":53},"end":{"line":11,"column":1}},"line":8},"1":{"name":"(anonymous_1)","decl":{"start":{"line":10,"column":20},"end":{"line":10,"column":21}},"loc":{"start":{"line":10,"column":27},"end":{"line":10,"column":48}},"line":10},"2":{"name":"checkout","decl":{"start":{"line":13,"column":22},"end":{"line":13,"column":30}},"loc":{"start":{"line":13,"column":76},"end":{"line":27,"column":1}},"line":13}},"branchMap":{"0":{"loc":{"start":{"line":14,"column":19},"end":{"line":14,"column":70}},"type":"cond-expr","locations":[{"start":{"line":14,"column":51},"end":{"line":14,"column":60}},{"start":{"line":14,"column":63},"end":{"line":14,"column":70}}],"line":14},"1":{"loc":{"start":{"line":23,"column":2},"end":{"line":25,"column":3}},"type":"if","locations":[{"start":{"line":23,"column":2},"end":{"line":25,"column":3}},{"start":{},"end":{}}],"line":23}},"s":{"0":0,"1":0,"2":0,"3":0,"4":0,"5":0,"6":0,"7":0,"8":0,"9":0,"10":0},"f":{"0":0,"1":0,"2":0},"b":{"0":[0,0],"1":[0,0]}}
,"C:\\Users\\Manu\\Desktop\\jest-practice\\src\\services\\getProducts.ts": {"path":"C:\\Users\\Manu\\Desktop\\jest-practice\\src\\services\\getProducts.ts","statementMap":{"0":{"start":{"line":4,"column":18},"end":{"line":4,"column":47}},"1":{"start":{"line":5,"column":19},"end":{"line":5,"column":39}},"2":{"start":{"line":6,"column":2},"end":{"line":6,"column":18}}},"fnMap":{"0":{"name":"getProducts","decl":{"start":{"line":3,"column":22},"end":{"line":3,"column":33}},"loc":{"start":{"line":3,"column":56},"end":{"line":7,"column":1}},"line":3}},"branchMap":{},"s":{"0":0,"1":0,"2":0},"f":{"0":0},"b":{}}
}
